0 info it worked if it ends with ok
1 verbose cli [ '/home/ven/.nvm/versions/io.js/v2.3.4/bin/iojs',
1 verbose cli   '/home/ven/.nvm/versions/io.js/v2.3.4/bin/npm',
1 verbose cli   'start' ]
2 info using npm@2.12.1
3 info using node@v2.3.4
4 verbose run-script [ 'prestart', 'start', 'poststart' ]
5 info prestart react-universal@1.0.0
6 info start react-universal@1.0.0
7 verbose unsafe-perm in lifecycle true
8 info react-universal@1.0.0 Failed to exec start script
9 verbose stack Error: react-universal@1.0.0 start: `webpack --progress && webpack-dev-server --progress`
9 verbose stack Exit status 1
9 verbose stack     at EventEmitter.<anonymous> (/home/ven/.nvm/versions/io.js/v2.3.4/lib/node_modules/npm/lib/utils/lifecycle.js:213:16)
9 verbose stack     at emitTwo (events.js:87:13)
9 verbose stack     at EventEmitter.emit (events.js:172:7)
9 verbose stack     at ChildProcess.<anonymous> (/home/ven/.nvm/versions/io.js/v2.3.4/lib/node_modules/npm/lib/utils/spawn.js:24:14)
9 verbose stack     at emitTwo (events.js:87:13)
9 verbose stack     at ChildProcess.emit (events.js:172:7)
9 verbose stack     at maybeClose (internal/child_process.js:764:16)
9 verbose stack     at Process.ChildProcess._handle.onexit (internal/child_process.js:211:5)
10 verbose pkgid react-universal@1.0.0
11 verbose cwd /home/ven/Projects/react-universal
12 error Linux 3.16.0-45-generic
13 error argv "/home/ven/.nvm/versions/io.js/v2.3.4/bin/iojs" "/home/ven/.nvm/versions/io.js/v2.3.4/bin/npm" "start"
14 error node v2.3.4
15 error npm  v2.12.1
16 error code ELIFECYCLE
17 error react-universal@1.0.0 start: `webpack --progress && webpack-dev-server --progress`
17 error Exit status 1
18 error Failed at the react-universal@1.0.0 start script 'webpack --progress && webpack-dev-server --progress'.
18 error This is most likely a problem with the react-universal package,
18 error not with npm itself.
18 error Tell the author that this fails on your system:
18 error     webpack --progress && webpack-dev-server --progress
18 error You can get their info via:
18 error     npm owner ls react-universal
18 error There is likely additional logging output above.
19 verbose exit [ 1, true ]
